<?xml version="1.0" encoding="UTF-8"?>
<testsuite name="model.TotalCostTest" tests="1" skipped="0" failures="0" errors="0" timestamp="2019-05-19T17:01:34" hostname="DESKTOP-07B4ARM" time="0.001">
  <properties/>
  <testcase name="assertTotalCostCalculationIsCorrect()" classname="model.TotalCostTest" time="0.001"/>
  <system-out><![CDATA[]]></system-out>
  <system-err><![CDATA[]]></system-err>
</testsuite>
